{"contracts/TrustMe.sol":{"l":{"26":7,"30":5,"34":4,"38":2,"42":5,"46":5,"50":3,"54":1,"55":1,"59":8,"60":4,"61":4,"68":15,"69":8,"71":9,"84":10,"85":10,"100":10,"101":10,"105":1,"111":1,"128":1,"129":1,"147":3,"148":3,"149":3,"158":1,"159":1,"160":1,"162":0,"169":1,"170":1,"171":1,"172":1},"path":"/home/ubuntu/trustme/contracts/TrustMe.sol","s":{"1":7,"2":4,"3":5,"4":5,"5":1,"6":8,"7":4,"8":15,"9":8,"10":6,"11":9,"12":10,"13":10,"14":10,"15":10,"16":1,"17":1,"18":1,"19":1,"20":3,"21":3,"22":3,"23":1,"24":1,"25":1,"26":0,"27":1,"28":1,"29":1,"30":1},"b":{"1":[5,2],"2":[2,2],"3":[5,0],"4":[3,2],"5":[1,0],"6":[4,4],"7":[4,0],"8":[6,2],"9":[1,0]},"f":{"1":7,"2":4,"3":5,"4":1,"5":8,"6":15,"7":10,"8":1,"9":1,"10":1,"11":3,"12":1,"13":1},"fnMap":{"1":{"name":"onlyInvestor","line":25,"loc":{"start":{"line":25,"column":2},"end":{"line":25,"column":42}}},"2":{"name":"accomplishFinishCriteria","line":33,"loc":{"start":{"line":33,"column":2},"end":{"line":33,"column":54}}},"3":{"name":"availableToBuy","line":41,"loc":{"start":{"line":41,"column":2},"end":{"line":41,"column":43}}},"4":{"name":"withFounds","line":53,"loc":{"start":{"line":53,"column":2},"end":{"line":53,"column":39}}},"5":{"name":"entrepeurWithProjects","line":58,"loc":{"start":{"line":58,"column":2},"end":{"line":58,"column":50}}},"6":{"name":"contains","line":64,"loc":{"start":{"line":64,"column":2},"end":{"line":67,"column":40}}},"7":{"name":"addProject","line":74,"loc":{"start":{"line":74,"column":2},"end":{"line":83,"column":4}}},"8":{"name":"getProjectsCount","line":104,"loc":{"start":{"line":104,"column":2},"end":{"line":104,"column":55}}},"9":{"name":"getAddressProjectsIndexes","line":108,"loc":{"start":{"line":108,"column":2},"end":{"line":110,"column":5}}},"10":{"name":"getProject","line":114,"loc":{"start":{"line":114,"column":2},"end":{"line":127,"column":5}}},"11":{"name":"investInProject","line":143,"loc":{"start":{"line":143,"column":2},"end":{"line":146,"column":76}}},"12":{"name":"stopProjectInvestmentRound","line":152,"loc":{"start":{"line":152,"column":2},"end":{"line":157,"column":5}}},"13":{"name":"withdrawProjectBalance","line":166,"loc":{"start":{"line":166,"column":2},"end":{"line":168,"column":119}}}},"statementMap":{"1":{"start":{"line":26,"column":4},"end":{"line":26,"column":849}},"2":{"start":{"line":34,"column":4},"end":{"line":34,"column":1088}},"3":{"start":{"line":42,"column":4},"end":{"line":42,"column":1419}},"4":{"start":{"line":46,"column":4},"end":{"line":46,"column":1539}},"5":{"start":{"line":54,"column":4},"end":{"line":54,"column":92}},"6":{"start":{"line":59,"column":4},"end":{"line":59,"column":95}},"7":{"start":{"line":60,"column":4},"end":{"line":60,"column":84}},"8":{"start":{"line":68,"column":4},"end":{"line":68,"column":2306}},"9":{"start":{"line":69,"column":6},"end":{"line":69,"column":48}},"10":{"start":{"line":69,"column":37},"end":{"line":69,"column":48}},"11":{"start":{"line":71,"column":4},"end":{"line":71,"column":16}},"12":{"start":{"line":84,"column":4},"end":{"line":84,"column":52}},"13":{"start":{"line":85,"column":4},"end":{"line":85,"column":2749}},"14":{"start":{"line":100,"column":4},"end":{"line":100,"column":85}},"15":{"start":{"line":101,"column":4},"end":{"line":101,"column":40}},"16":{"start":{"line":105,"column":4},"end":{"line":105,"column":33}},"17":{"start":{"line":111,"column":4},"end":{"line":111,"column":31}},"18":{"start":{"line":128,"column":4},"end":{"line":128,"column":66}},"19":{"start":{"line":129,"column":4},"end":{"line":129,"column":4007}},"20":{"start":{"line":147,"column":4},"end":{"line":147,"column":66}},"21":{"start":{"line":148,"column":4},"end":{"line":148,"column":53}},"22":{"start":{"line":149,"column":4},"end":{"line":149,"column":95}},"23":{"start":{"line":158,"column":4},"end":{"line":158,"column":5029}},"24":{"start":{"line":159,"column":6},"end":{"line":159,"column":60}},"25":{"start":{"line":160,"column":6},"end":{"line":160,"column":51}},"26":{"start":{"line":162,"column":6},"end":{"line":162,"column":47}},"27":{"start":{"line":169,"column":4},"end":{"line":169,"column":68}},"28":{"start":{"line":170,"column":4},"end":{"line":170,"column":69}},"29":{"start":{"line":171,"column":4},"end":{"line":171,"column":32}},"30":{"start":{"line":172,"column":4},"end":{"line":172,"column":75}}},"branchMap":{"1":{"line":26,"type":"if","locations":[{"start":{"line":26,"column":4},"end":{"line":26,"column":4}},{"start":{"line":26,"column":4},"end":{"line":26,"column":4}}]},"2":{"line":34,"type":"if","locations":[{"start":{"line":34,"column":4},"end":{"line":34,"column":4}},{"start":{"line":34,"column":4},"end":{"line":34,"column":4}}]},"3":{"line":42,"type":"if","locations":[{"start":{"line":42,"column":4},"end":{"line":42,"column":4}},{"start":{"line":42,"column":4},"end":{"line":42,"column":4}}]},"4":{"line":46,"type":"if","locations":[{"start":{"line":46,"column":4},"end":{"line":46,"column":4}},{"start":{"line":46,"column":4},"end":{"line":46,"column":4}}]},"5":{"line":54,"type":"if","locations":[{"start":{"line":54,"column":4},"end":{"line":54,"column":4}},{"start":{"line":54,"column":4},"end":{"line":54,"column":4}}]},"6":{"line":59,"type":"if","locations":[{"start":{"line":59,"column":4},"end":{"line":59,"column":4}},{"start":{"line":59,"column":4},"end":{"line":59,"column":4}}]},"7":{"line":60,"type":"if","locations":[{"start":{"line":60,"column":4},"end":{"line":60,"column":4}},{"start":{"line":60,"column":4},"end":{"line":60,"column":4}}]},"8":{"line":69,"type":"if","locations":[{"start":{"line":69,"column":6},"end":{"line":69,"column":6}},{"start":{"line":69,"column":6},"end":{"line":69,"column":6}}]},"9":{"line":158,"type":"if","locations":[{"start":{"line":158,"column":4},"end":{"line":158,"column":4}},{"start":{"line":158,"column":4},"end":{"line":158,"column":4}}]}}}}