{"contracts/TrustMe.sol":{"l":{"25":0,"29":0,"33":0,"37":0,"41":0,"45":0,"46":0,"50":0,"51":0,"61":2,"73":2,"74":2,"75":2,"79":2,"87":0,"101":0,"114":0,"122":0,"123":0,"124":0,"125":0,"131":0,"132":0,"133":0,"134":0,"135":0,"137":0,"140":0,"147":0,"148":0,"149":0,"150":0},"path":"/mnt/c/Users/OXOFT/Documents/CURSOS/TrustMe/contracts/TrustMe.sol","s":{"1":0,"2":0,"3":0,"4":0,"5":0,"6":2,"7":2,"8":2,"9":2,"10":2,"11":0,"12":0,"13":0,"14":0,"15":0,"16":0,"17":0,"18":0,"19":0,"20":0,"21":0,"22":0,"23":0,"24":0,"25":0,"26":0,"27":0,"28":0},"b":{"1":[0,0],"2":[0,0],"3":[0,0],"4":[0,0],"5":[0,0],"6":[0,0],"7":[0,0]},"f":{"1":0,"2":0,"3":0,"4":0,"5":2,"6":2,"7":0,"8":0,"9":0,"10":0,"11":0,"12":0},"fnMap":{"1":{"name":"onlyInvestor","line":24,"loc":{"start":{"line":24,"column":2},"end":{"line":24,"column":49}}},"2":{"name":"availableToBuy","line":32,"loc":{"start":{"line":32,"column":2},"end":{"line":32,"column":68}}},"3":{"name":"withFounds","line":44,"loc":{"start":{"line":44,"column":2},"end":{"line":44,"column":40}}},"4":{"name":"entrepeurWithProjects","line":49,"loc":{"start":{"line":49,"column":2},"end":{"line":49,"column":51}}},"5":{"name":"addProject","line":54,"loc":{"start":{"line":54,"column":2},"end":{"line":60,"column":12}}},"6":{"name":"getProjectsCount","line":78,"loc":{"start":{"line":78,"column":2},"end":{"line":78,"column":55}}},"7":{"name":"getAddressProjectsCount","line":82,"loc":{"start":{"line":82,"column":2},"end":{"line":86,"column":5}}},"8":{"name":"getProject","line":90,"loc":{"start":{"line":90,"column":2},"end":{"line":100,"column":5}}},"9":{"name":"getProjectBalance","line":111,"loc":{"start":{"line":111,"column":2},"end":{"line":113,"column":76}}},"10":{"name":"investInProject","line":117,"loc":{"start":{"line":117,"column":2},"end":{"line":121,"column":135}}},"11":{"name":"stopProjectInvestmentRound","line":128,"loc":{"start":{"line":128,"column":2},"end":{"line":130,"column":94}}},"12":{"name":"withdrawProjectBalance","line":144,"loc":{"start":{"line":144,"column":2},"end":{"line":146,"column":76}}}},"statementMap":{"1":{"start":{"line":25,"column":4},"end":{"line":25,"column":904}},"2":{"start":{"line":33,"column":4},"end":{"line":33,"column":1191}},"3":{"start":{"line":37,"column":4},"end":{"line":37,"column":1346}},"4":{"start":{"line":45,"column":4},"end":{"line":45,"column":97}},"5":{"start":{"line":50,"column":4},"end":{"line":50,"column":89}},"6":{"start":{"line":61,"column":4},"end":{"line":61,"column":2122}},"7":{"start":{"line":73,"column":4},"end":{"line":73,"column":39}},"8":{"start":{"line":74,"column":4},"end":{"line":74,"column":35}},"9":{"start":{"line":75,"column":4},"end":{"line":75,"column":85}},"10":{"start":{"line":79,"column":4},"end":{"line":79,"column":33}},"11":{"start":{"line":87,"column":4},"end":{"line":87,"column":57}},"12":{"start":{"line":101,"column":4},"end":{"line":101,"column":3299}},"13":{"start":{"line":114,"column":4},"end":{"line":114,"column":53}},"14":{"start":{"line":122,"column":4},"end":{"line":122,"column":97}},"15":{"start":{"line":123,"column":4},"end":{"line":123,"column":84}},"16":{"start":{"line":124,"column":4},"end":{"line":124,"column":126}},"17":{"start":{"line":125,"column":4},"end":{"line":125,"column":141}},"18":{"start":{"line":131,"column":4},"end":{"line":131,"column":70}},"19":{"start":{"line":132,"column":4},"end":{"line":132,"column":5039}},"20":{"start":{"line":133,"column":6},"end":{"line":133,"column":5170}},"21":{"start":{"line":134,"column":8},"end":{"line":134,"column":67}},"22":{"start":{"line":135,"column":8},"end":{"line":135,"column":53}},"23":{"start":{"line":137,"column":8},"end":{"line":137,"column":49}},"24":{"start":{"line":140,"column":6},"end":{"line":140,"column":75}},"25":{"start":{"line":147,"column":4},"end":{"line":147,"column":66}},"26":{"start":{"line":148,"column":4},"end":{"line":148,"column":109}},"27":{"start":{"line":149,"column":4},"end":{"line":149,"column":49}},"28":{"start":{"line":150,"column":4},"end":{"line":150,"column":66}}},"branchMap":{"1":{"line":25,"type":"if","locations":[{"start":{"line":25,"column":4},"end":{"line":25,"column":4}},{"start":{"line":25,"column":4},"end":{"line":25,"column":4}}]},"2":{"line":33,"type":"if","locations":[{"start":{"line":33,"column":4},"end":{"line":33,"column":4}},{"start":{"line":33,"column":4},"end":{"line":33,"column":4}}]},"3":{"line":37,"type":"if","locations":[{"start":{"line":37,"column":4},"end":{"line":37,"column":4}},{"start":{"line":37,"column":4},"end":{"line":37,"column":4}}]},"4":{"line":45,"type":"if","locations":[{"start":{"line":45,"column":4},"end":{"line":45,"column":4}},{"start":{"line":45,"column":4},"end":{"line":45,"column":4}}]},"5":{"line":50,"type":"if","locations":[{"start":{"line":50,"column":4},"end":{"line":50,"column":4}},{"start":{"line":50,"column":4},"end":{"line":50,"column":4}}]},"6":{"line":132,"type":"if","locations":[{"start":{"line":132,"column":4},"end":{"line":132,"column":4}},{"start":{"line":132,"column":4},"end":{"line":132,"column":4}}]},"7":{"line":133,"type":"if","locations":[{"start":{"line":133,"column":6},"end":{"line":133,"column":6}},{"start":{"line":133,"column":6},"end":{"line":133,"column":6}}]}}}}