TN:
SF:/mnt/c/Users/OXOFT/Documents/CURSOS/TrustMe/contracts/TrustMe.sol
FN:24,onlyInvestor
FN:32,availableToBuy
FN:44,withFounds
FN:49,entrepeurWithProjects
FN:54,addProject
FN:78,getProjectsCount
FN:82,getAddressProjectsCount
FN:90,getProject
FN:111,getProjectBalance
FN:117,investInProject
FN:128,stopProjectInvestmentRound
FN:144,withdrawProjectBalance
FNF:12
FNH:2
FNDA:0,onlyInvestor
FNDA:0,availableToBuy
FNDA:0,withFounds
FNDA:0,entrepeurWithProjects
FNDA:2,addProject
FNDA:2,getProjectsCount
FNDA:0,getAddressProjectsCount
FNDA:0,getProject
FNDA:0,getProjectBalance
FNDA:0,investInProject
FNDA:0,stopProjectInvestmentRound
FNDA:0,withdrawProjectBalance
DA:25,0
DA:29,0
DA:33,0
DA:37,0
DA:41,0
DA:45,0
DA:46,0
DA:50,0
DA:51,0
DA:61,2
DA:73,2
DA:74,2
DA:75,2
DA:79,2
DA:87,0
DA:101,0
DA:114,0
DA:122,0
DA:123,0
DA:124,0
DA:125,0
DA:131,0
DA:132,0
DA:133,0
DA:134,0
DA:135,0
DA:137,0
DA:140,0
DA:147,0
DA:148,0
DA:149,0
DA:150,0
LF:32
LH:5
BRDA:25,1,0,0
BRDA:25,1,1,0
BRDA:33,2,0,0
BRDA:33,2,1,0
BRDA:37,3,0,0
BRDA:37,3,1,0
BRDA:45,4,0,0
BRDA:45,4,1,0
BRDA:50,5,0,0
BRDA:50,5,1,0
BRDA:132,6,0,0
BRDA:132,6,1,0
BRDA:133,7,0,0
BRDA:133,7,1,0
BRF:14
BRH:0
end_of_record
