TN:
SF:/home/ubuntu/trustme/contracts/TrustMe.sol
FN:25,onlyInvestor
FN:33,accomplishFinishCriteria
FN:41,availableToBuy
FN:53,withFounds
FN:58,entrepeurWithProjects
FN:64,contains
FN:74,addProject
FN:104,getProjectsCount
FN:108,getAddressProjectsIndexes
FN:114,getProject
FN:143,investInProject
FN:152,stopProjectInvestmentRound
FN:166,withdrawProjectBalance
FNF:13
FNH:13
FNDA:7,onlyInvestor
FNDA:4,accomplishFinishCriteria
FNDA:5,availableToBuy
FNDA:1,withFounds
FNDA:8,entrepeurWithProjects
FNDA:15,contains
FNDA:10,addProject
FNDA:1,getProjectsCount
FNDA:1,getAddressProjectsIndexes
FNDA:1,getProject
FNDA:3,investInProject
FNDA:1,stopProjectInvestmentRound
FNDA:1,withdrawProjectBalance
DA:26,7
DA:30,5
DA:34,4
DA:38,2
DA:42,5
DA:46,5
DA:50,3
DA:54,1
DA:55,1
DA:59,8
DA:60,4
DA:61,4
DA:68,15
DA:69,8
DA:71,9
DA:84,10
DA:85,10
DA:100,10
DA:101,10
DA:105,1
DA:111,1
DA:128,1
DA:129,1
DA:147,3
DA:148,3
DA:149,3
DA:158,1
DA:159,1
DA:160,1
DA:162,0
DA:169,1
DA:170,1
DA:171,1
DA:172,1
LF:34
LH:33
BRDA:26,1,0,5
BRDA:26,1,1,2
BRDA:34,2,0,2
BRDA:34,2,1,2
BRDA:42,3,0,5
BRDA:42,3,1,0
BRDA:46,4,0,3
BRDA:46,4,1,2
BRDA:54,5,0,1
BRDA:54,5,1,0
BRDA:59,6,0,4
BRDA:59,6,1,4
BRDA:60,7,0,4
BRDA:60,7,1,0
BRDA:69,8,0,6
BRDA:69,8,1,2
BRDA:158,9,0,1
BRDA:158,9,1,0
BRF:18
BRH:14
end_of_record
